TN:
SF:src/bars.js
FN:4,(anonymous_0)
FN:8,(anonymous_1)
FNF:2
FNH:2
FNDA:3,(anonymous_0)
FNDA:3,(anonymous_1)
DA:5,3
DA:14,3
DA:16,3
DA:17,3
DA:20,3
DA:21,7
DA:22,7
DA:24,7
DA:25,7
DA:26,7
DA:27,7
DA:28,7
DA:31,3
LF:13
LH:13
BRDA:4,0,0,0
BRDA:4,1,0,0
BRDA:8,2,0,1
BRDA:10,3,0,2
BRDA:11,4,0,3
BRDA:12,5,0,3
BRDA:13,6,0,2
BRDA:17,7,0,1
BRDA:17,7,1,2
BRDA:22,8,0,0
BRDA:22,8,1,7
BRF:11
BRH:8
end_of_record
TN:
SF:src/base.js
FN:33,(anonymous_0)
FN:38,(anonymous_1)
FN:42,(anonymous_2)
FN:45,(anonymous_3)
FNF:4
FNH:4
FNDA:24,(anonymous_0)
FNDA:17,(anonymous_1)
FNDA:57,(anonymous_2)
FNDA:123,(anonymous_3)
DA:2,1
DA:23,1
DA:34,24
DA:35,24
DA:39,17
DA:40,17
DA:41,17
DA:42,57
DA:46,123
DA:47,2
DA:49,121
LF:11
LH:11
BRDA:33,0,0,8
BRDA:33,1,0,8
BRDA:38,2,0,16
BRDA:38,3,0,16
BRDA:39,4,0,1
BRDA:39,4,1,16
BRDA:40,5,0,1
BRDA:40,5,1,16
BRDA:42,6,0,57
BRDA:42,6,1,12
BRDA:45,7,0,0
BRDA:46,8,0,2
BRDA:46,8,1,121
BRDA:49,9,0,121
BRDA:49,9,1,1
BRF:15
BRH:14
end_of_record
TN:
SF:src/heatmap.js
FN:4,(anonymous_0)
FN:8,(anonymous_1)
FNF:2
FNH:0
FNDA:0,(anonymous_0)
FNDA:0,(anonymous_1)
DA:5,0
DA:14,0
DA:16,0
DA:17,0
DA:18,0
DA:19,0
DA:21,0
DA:22,0
DA:23,0
DA:24,0
DA:28,0
DA:30,0
DA:31,0
DA:32,0
DA:34,0
DA:35,0
DA:36,0
DA:37,0
DA:38,0
DA:46,0
DA:47,0
DA:48,0
DA:50,0
DA:53,0
LF:24
LH:0
BRDA:4,0,0,0
BRDA:4,1,0,0
BRDA:8,2,0,0
BRDA:10,3,0,0
BRDA:11,4,0,0
BRDA:12,5,0,0
BRDA:13,6,0,0
BRDA:28,7,0,0
BRDA:28,7,1,0
BRDA:32,8,0,0
BRDA:32,8,1,0
BRF:11
BRH:0
end_of_record
TN:
SF:src/histogram.js
FN:4,(anonymous_0)
FN:8,(anonymous_1)
FN:17,(anonymous_2)
FN:23,(anonymous_3)
FN:34,(anonymous_4)
FN:51,(anonymous_5)
FNF:6
FNH:6
FNDA:6,(anonymous_0)
FNDA:6,(anonymous_1)
FNDA:35,(anonymous_2)
FNDA:214,(anonymous_3)
FNDA:3,(anonymous_4)
FNDA:15,(anonymous_5)
DA:5,6
DA:9,6
DA:10,6
DA:11,6
DA:14,6
DA:15,6
DA:17,35
DA:23,6
DA:24,214
DA:28,214
DA:31,6
DA:41,3
DA:43,3
DA:44,3
DA:45,3
DA:48,3
DA:49,3
DA:52,15
DA:58,3
DA:59,25
DA:60,25
DA:66,25
DA:67,25
DA:68,25
DA:69,25
DA:70,25
DA:71,25
DA:74,3
LF:28
LH:28
BRDA:4,0,0,0
BRDA:4,1,0,0
BRDA:8,2,0,0
BRDA:34,3,0,0
BRDA:36,4,0,2
BRDA:37,5,0,3
BRDA:38,6,0,3
BRDA:39,7,0,3
BRDA:40,8,0,1
BRDA:45,9,0,0
BRDA:45,9,1,3
BRDA:60,10,0,15
BRDA:60,10,1,10
BRF:13
BRH:8
end_of_record
TN:
SF:src/index.js
FNF:0
FNH:0
LF:0
LH:0
BRF:0
BRH:0
end_of_record
TN:
SF:src/line.js
FN:4,(anonymous_0)
FN:8,(anonymous_1)
FN:19,(anonymous_2)
FN:53,(anonymous_3)
FNF:4
FNH:4
FNDA:4,(anonymous_0)
FNDA:3,(anonymous_1)
FNDA:30,(anonymous_2)
FNDA:7,(anonymous_3)
DA:5,4
DA:14,3
DA:16,3
DA:17,3
DA:19,30
DA:21,3
DA:22,6
DA:23,6
DA:27,6
DA:29,6
DA:31,6
DA:34,3
DA:36,3
DA:37,3
DA:38,30
DA:40,3
DA:41,60
DA:43,3
DA:46,3
DA:47,30
DA:50,3
DA:54,7
DA:55,7
DA:56,7
DA:57,7
DA:58,7
DA:60,7
DA:61,83
DA:62,83
DA:68,83
DA:69,76
DA:70,76
DA:71,76
DA:72,76
DA:74,76
DA:75,36
DA:76,36
LF:37
LH:37
BRDA:4,0,0,0
BRDA:4,1,0,0
BRDA:8,2,0,1
BRDA:10,3,0,2
BRDA:11,4,0,2
BRDA:12,5,0,3
BRDA:13,6,0,3
BRDA:34,7,0,0
BRDA:34,7,1,3
BRDA:36,8,0,3
BRDA:36,8,1,0
BRDA:56,9,0,7
BRDA:56,9,1,0
BRDA:57,10,0,1
BRDA:57,10,1,6
BRDA:61,11,0,83
BRDA:61,11,1,0
BRDA:61,12,0,83
BRDA:61,12,1,83
BRDA:61,12,2,83
BRDA:61,12,3,83
BRDA:68,13,0,7
BRDA:68,13,1,76
BRDA:68,14,0,83
BRDA:68,14,1,7
BRDA:70,15,0,76
BRDA:70,15,1,0
BRDA:74,16,0,36
BRDA:74,16,1,40
BRF:29
BRH:22
end_of_record
TN:
SF:src/scatter.js
FN:4,(anonymous_0)
FN:8,(anonymous_1)
FN:16,(anonymous_2)
FN:17,(anonymous_3)
FN:23,(anonymous_4)
FNF:5
FNH:5
FNDA:2,(anonymous_0)
FNDA:2,(anonymous_1)
FNDA:3,(anonymous_2)
FNDA:3,(anonymous_3)
FNDA:20,(anonymous_4)
DA:5,2
DA:14,2
DA:16,3
DA:17,3
DA:18,2
DA:19,2
DA:21,2
DA:23,20
DA:25,2
DA:26,3
DA:28,3
DA:30,3
DA:31,3
DA:38,2
DA:40,2
DA:41,2
DA:42,20
DA:44,2
DA:45,40
DA:47,2
DA:50,2
DA:51,20
DA:54,2
LF:23
LH:23
BRDA:4,0,0,0
BRDA:4,1,0,0
BRDA:8,2,0,1
BRDA:10,3,0,2
BRDA:11,4,0,1
BRDA:12,5,0,2
BRDA:13,6,0,2
BRDA:30,7,0,3
BRDA:30,7,1,0
BRDA:30,8,0,3
BRDA:30,8,1,3
BRDA:30,8,2,3
BRDA:30,8,3,3
BRDA:38,9,0,0
BRDA:38,9,1,2
BRDA:40,10,0,2
BRDA:40,10,1,0
BRF:17
BRH:12
end_of_record
